#
# There is insufficient memory for the Java Runtime Environment to continue.
# Native memory allocation (malloc) failed to allocate 32744 bytes for ChunkPool::allocate
# Possible reasons:
#   The system is out of physical RAM or swap space
#   The process is running with CompressedOops enabled, and the Java Heap may be blocking the growth of the native heap
# Possible solutions:
#   Reduce memory load on the system
#   Increase physical memory or swap space
#   Check if swap backing store is full
#   Decrease Java heap size (-Xmx/-Xms)
#   Decrease number of Java threads
#   Decrease Java thread stack sizes (-Xss)
#   Set larger code cache with -XX:ReservedCodeCacheSize=
#   JVM is running with Unscaled Compressed Oops mode in which the Java heap is
#     placed in the first 4GB address space. The Java Heap base address is the
#     maximum limit for the native heap growth. Please use -XX:HeapBaseMinAddress
#     to set the Java Heap base and to place the Java Heap above 4GB virtual address.
# This output file may be truncated or incomplete.
#
#  Out of Memory Error (t:/workspace/open/src/hotspot/share/memory/arena.cpp:81), pid=12396, tid=22844
#
# JRE version: Java(TM) SE Runtime Environment (12.0.1+12) (build 12.0.1+12)
# Java VM: Java HotSpot(TM) 64-Bit Server VM (12.0.1+12, mixed mode, sharing, tiered, compressed oops, g1 gc, windows-amd64)
# No core dump will be written. Minidumps are not enabled by default on client versions of Windows
#

---------------  S U M M A R Y ------------

Command Line: -Xdebug -Xnoagent -Djava.compiler=NONE -Xrunjdwp:transport=dt_socket,address=localhost:51678,server=n,suspend=y -Dfile.encoding=UTF-8 Launch

Host: Intel(R) Core(TM) i5 CPU       M 460  @ 2.53GHz, 4 cores, 7G,  Windows 10 , 64 bit Build 17134 (10.0.17134.753)
Time: Fri Jun 21 11:52:42 2019 West-Europa (zomertijd) elapsed time: 7 seconds (0d 0h 0m 7s)

---------------  T H R E A D  ---------------

Current thread (0x000001e5c9130000):  VMThread "VM Thread" [stack: 0x0000007055900000,0x0000007055a00000] [id=22844]

Stack: [0x0000007055900000,0x0000007055a00000]
[error occurred during error reporting (printing stack bounds), id 0xc0000005, EXCEPTION_ACCESS_VIOLATION (0xc0000005) at pc=0x000001e5b3190bbd]

Native frames: (J=compiled Java code, j=interpreted, Vv=VM code, C=native code)
V  [jvm.dll+0x63948a]
V  [jvm.dll+0x78b31f]
V  [jvm.dll+0x78c9c1]
V  [jvm.dll+0x78cf75]
V  [jvm.dll+0x78cf2b]
V  [jvm.dll+0x638b84]
V  [jvm.dll+0x638f58]
C  [ntdll.dll+0x9f7dd]
C  [ntdll.dll+0xd856]
C  [ntdll.dll+0x9e70e]
C  0x000001e5b3190bbd

VM_Operation (0x0000007057ffe160): RevokeBias, mode: safepoint, requested by thread 0x000001e5ca941800


---------------  P R O C E S S  ---------------

Threads class SMR info:
_java_thread_list=0x000001e5c9b0cad0, length=37, elements={
0x000001e5c9134000, 0x000001e5c913d800, 0x000001e5c914b000, 0x000001e5c914e800,
0x000001e5c914f800, 0x000001e5c9ab3000, 0x000001e5c9ae4000, 0x000001e5c9c07800,
0x000001e5c9c09800, 0x000001e5c9c15800, 0x000001e5c9c18800, 0x000001e5c9c2d800,
0x000001e5c9ead800, 0x000001e5c9eae800, 0x000001e5c9ccb800, 0x000001e5ca27c000,
0x000001e5ca29b800, 0x000001e5ca349800, 0x000001e5ca8f9800, 0x000001e5c9c21800,
0x000001e5c9c22000, 0x000001e5ca93e000, 0x000001e5ca93c800, 0x000001e5ca940000,
0x000001e5ca93b800, 0x000001e5ca940800, 0x000001e5ca942800, 0x000001e5ca941800,
0x000001e5ca93d800, 0x000001e5ca93f000, 0x000001e5ca37d800, 0x000001e5ca37d000,
0x000001e5ca37c000, 0x000001e5ca37e800, 0x000001e5ca37f800, 0x000001e5ca380000,
0x000001e5ca381000
}

Java Threads: ( => current thread )
  0x000001e5c9134000 JavaThread "Reference Handler" daemon [_thread_blocked, id=5352, stack(0x0000007055a00000,0x0000007055b00000)]
  0x000001e5c913d800 JavaThread "Finalizer" daemon [_thread_blocked, id=17248, stack(0x0000007055b00000,0x0000007055c00000)]
  0x000001e5c914b000 JavaThread "Signal Dispatcher" daemon [_thread_blocked, id=548, stack(0x0000007055c00000,0x0000007055d00000)]
  0x000001e5c914e800 JavaThread "Attach Listener" daemon [_thread_blocked, id=500, stack(0x0000007055d00000,0x0000007055e00000)]
  0x000001e5c914f800 JavaThread "C2 CompilerThread0" daemon [_thread_blocked, id=19104, stack(0x0000007055e00000,0x0000007055f00000)]
  0x000001e5c9ab3000 JavaThread "C1 CompilerThread0" daemon [_thread_blocked, id=13216, stack(0x0000007055f00000,0x0000007056000000)]
  0x000001e5c9ae4000 JavaThread "Sweeper thread" daemon [_thread_blocked, id=14364, stack(0x0000007056000000,0x0000007056100000)]
  0x000001e5c9c07800 JavaThread "JDWP Transport Listener: dt_socket" daemon [_thread_blocked, id=22496, stack(0x0000007056100000,0x0000007056200000)]
  0x000001e5c9c09800 JavaThread "JDWP Event Helper Thread" daemon [_thread_blocked, id=11600, stack(0x0000007056200000,0x0000007056300000)]
  0x000001e5c9c15800 JavaThread "JDWP Command Reader" daemon [_thread_in_native, id=22892, stack(0x0000007056300000,0x0000007056400000)]
  0x000001e5c9c18800 JavaThread "Service Thread" daemon [_thread_blocked, id=20044, stack(0x0000007056400000,0x0000007056500000)]
  0x000001e5c9c2d800 JavaThread "Common-Cleaner" daemon [_thread_blocked, id=13816, stack(0x0000007056600000,0x0000007056700000)]
  0x000001e5c9ead800 JavaThread "JADE Timer dispatcher" [_thread_blocked, id=5784, stack(0x0000007056700000,0x0000007056800000)]
  0x000001e5c9eae800 JavaThread "JICPServer-1099" daemon [_thread_in_native, id=15392, stack(0x0000007056800000,0x0000007056900000)]
  0x000001e5c9ccb800 JavaThread "Thread-2" [_thread_blocked, id=15460, stack(0x0000007056900000,0x0000007056a00000)]
  0x000001e5ca27c000 JavaThread "Thread-3" [_thread_in_native, id=17508, stack(0x0000007056a00000,0x0000007056b00000)]
  0x000001e5ca29b800 JavaThread "Java2D Disposer" daemon [_thread_blocked, id=3564, stack(0x0000007056b00000,0x0000007056c00000)]
  0x000001e5ca349800 JavaThread "AWT-Windows" daemon [_thread_blocked, id=14820, stack(0x0000007056d00000,0x0000007056e00000)]
  0x000001e5ca8f9800 JavaThread "Deliverer-00" [_thread_blocked, id=6672, stack(0x0000007057400000,0x0000007057500000)]
  0x000001e5c9c21800 JavaThread "Deliverer-01" [_thread_blocked, id=5588, stack(0x0000007057500000,0x0000007057600000)]
  0x000001e5c9c22000 JavaThread "Deliverer-02" [_thread_blocked, id=21684, stack(0x0000007057600000,0x0000007057700000)]
  0x000001e5ca93e000 JavaThread "Deliverer-03" [_thread_blocked, id=21220, stack(0x0000007057700000,0x0000007057800000)]
  0x000001e5ca93c800 JavaThread "Deliverer-04" [_thread_blocked, id=3644, stack(0x0000007057800000,0x0000007057900000)]
  0x000001e5ca940000 JavaThread "Thread-9" [_thread_in_native, id=9524, stack(0x0000007056c00000,0x0000007056d00000)]
  0x000001e5ca93b800 JavaThread "ams" [_thread_blocked, id=22884, stack(0x0000007057900000,0x0000007057a00000)]
  0x000001e5ca940800 JavaThread "df" [_thread_blocked, id=22580, stack(0x0000007057a00000,0x0000007057b00000)]
  0x000001e5ca942800 JavaThread "rma" [_thread_blocked, id=11748, stack(0x0000007057e00000,0x0000007057f00000)]
  0x000001e5ca941800 JavaThread "central" [_thread_blocked, id=1164, stack(0x0000007057f00000,0x0000007058000000)]
  0x000001e5ca93d800 JavaThread "agent1" [_thread_blocked, id=23288, stack(0x0000007058000000,0x0000007058100000)]
  0x000001e5ca93f000 JavaThread "agent2" [_thread_blocked, id=4168, stack(0x0000007058100000,0x0000007058200000)]
  0x000001e5ca37d800 JavaThread "agent3" [_thread_blocked, id=2720, stack(0x0000007058200000,0x0000007058300000)]
  0x000001e5ca37d000 JavaThread "agent4" [_thread_blocked, id=17472, stack(0x0000007058300000,0x0000007058400000)]
  0x000001e5ca37c000 JavaThread "agent5" [_thread_blocked, id=20672, stack(0x0000007058400000,0x0000007058500000)]
  0x000001e5ca37e800 JavaThread "DestroyJavaVM" [_thread_blocked, id=1396, stack(0x0000007055300000,0x0000007055400000)]
  0x000001e5ca37f800 JavaThread "AWT-Shutdown" [_thread_blocked, id=5344, stack(0x0000007058500000,0x0000007058600000)]
  0x000001e5ca380000 JavaThread "AWT-EventQueue-0" [_thread_in_native, id=19260, stack(0x0000007058600000,0x0000007058700000)]
  0x000001e5ca381000 JavaThread "D3D Screen Updater" daemon [_thread_blocked, id=21696, stack(0x0000007058700000,0x0000007058800000)]

Other Threads:
=>0x000001e5c9130000 VMThread "VM Thread" [stack: 0x0000007055900000,0x0000007055a00000] [id=22844]
  0x000001e5c9c25000 WatcherThread [stack: 0x0000007056500000,0x0000007056600000] [id=244]
  0x000001e5aadc9800 GCTaskThread "GC Thread#0" [stack: 0x0000007055400000,0x0000007055500000] [id=10812]
  0x000001e5c9180000 GCTaskThread "GC Thread#1" [stack: 0x0000007057b00000,0x0000007057c00000] [id=20724]
  0x000001e5ca200800 GCTaskThread "GC Thread#2" [stack: 0x0000007057c00000,0x0000007057d00000] [id=22388]
  0x000001e5ca201000 GCTaskThread "GC Thread#3" [stack: 0x0000007057d00000,0x0000007057e00000] [id=10676]
  0x000001e5aadd7000 ConcurrentGCThread "G1 Main Marker" [stack: 0x0000007055500000,0x0000007055600000] [id=14332]
  0x000001e5aadd9000 ConcurrentGCThread "G1 Conc#0" [stack: 0x0000007055600000,0x0000007055700000] [id=2860]
  0x000001e5c8fb0800 ConcurrentGCThread "G1 Refine#0" [stack: 0x0000007055700000,0x0000007055800000] [id=17572]
  0x000001e5c8fb1800 ConcurrentGCThread "G1 Young RemSet Sampling" [stack: 0x0000007055800000,0x0000007055900000] [id=6372]

Threads with active compile tasks:
C2 CompilerThread0  1211       4       jdk.internal.org.objectweb.asm.Frame::execute (2305 bytes)
C1 CompilerThread0  1231       3       java.nio.ByteBufferAsShortBufferB::get (26 bytes)

VM state:at safepoint (normal execution)

VM Mutex/Monitor currently owned by a thread:  ([mutex/lock_event])
[0x000001e5aad8be10] Threads_lock - owner thread: 0x000001e5c9130000

Heap address: 0x0000000082200000, size: 2014 MB, Compressed Oops mode: 32-bit
Narrow klass base: 0x0000000800000000, Narrow klass shift: 3
Compressed class space size: 1073741824 Address: 0x00000008011a0000

Heap:
 garbage-first heap   total 129024K, used 11094K [0x0000000082200000, 0x0000000100000000)
  region size 1024K, 11 young (11264K), 2 survivors (2048K)
 Metaspace       used 13574K, capacity 13995K, committed 14208K, reserved 1060864K
  class space    used 1711K, capacity 1863K, committed 1920K, reserved 1048576K
Heap Regions: E=young(eden), S=young(survivor), O=old, HS=humongous(starts), HC=humongous(continues), CS=collection set, F=free, A=archive, TAMS=top-at-mark-start (previous, next)
|   0|0x0000000082200000, 0x00000000822d5a00, 0x0000000082300000| 83%| O|  |TAMS 0x0000000082200000, 0x0000000082200000| Untracked 
|   1|0x0000000082300000, 0x0000000082300000, 0x0000000082400000|  0%| F|  |TAMS 0x0000000082300000, 0x0000000082300000| Untracked 
|   2|0x0000000082400000, 0x0000000082400000, 0x0000000082500000|  0%| F|  |TAMS 0x0000000082400000, 0x0000000082400000| Untracked 
|   3|0x0000000082500000, 0x0000000082500000, 0x0000000082600000|  0%| F|  |TAMS 0x0000000082500000, 0x0000000082500000| Untracked 
|   4|0x0000000082600000, 0x0000000082600000, 0x0000000082700000|  0%| F|  |TAMS 0x0000000082600000, 0x0000000082600000| Untracked 
|   5|0x0000000082700000, 0x0000000082700000, 0x0000000082800000|  0%| F|  |TAMS 0x0000000082700000, 0x0000000082700000| Untracked 
|   6|0x0000000082800000, 0x0000000082800000, 0x0000000082900000|  0%| F|  |TAMS 0x0000000082800000, 0x0000000082800000| Untracked 
|   7|0x0000000082900000, 0x0000000082900000, 0x0000000082a00000|  0%| F|  |TAMS 0x0000000082900000, 0x0000000082900000| Untracked 
|   8|0x0000000082a00000, 0x0000000082a00000, 0x0000000082b00000|  0%| F|  |TAMS 0x0000000082a00000, 0x0000000082a00000| Untracked 
|   9|0x0000000082b00000, 0x0000000082b00000, 0x0000000082c00000|  0%| F|  |TAMS 0x0000000082b00000, 0x0000000082b00000| Untracked 
|  10|0x0000000082c00000, 0x0000000082c00000, 0x0000000082d00000|  0%| F|  |TAMS 0x0000000082c00000, 0x0000000082c00000| Untracked 
|  11|0x0000000082d00000, 0x0000000082d00000, 0x0000000082e00000|  0%| F|  |TAMS 0x0000000082d00000, 0x0000000082d00000| Untracked 
|  12|0x0000000082e00000, 0x0000000082e00000, 0x0000000082f00000|  0%| F|  |TAMS 0x0000000082e00000, 0x0000000082e00000| Untracked 
|  13|0x0000000082f00000, 0x0000000082f00000, 0x0000000083000000|  0%| F|  |TAMS 0x0000000082f00000, 0x0000000082f00000| Untracked 
|  14|0x0000000083000000, 0x0000000083000000, 0x0000000083100000|  0%| F|  |TAMS 0x0000000083000000, 0x0000000083000000| Untracked 
|  15|0x0000000083100000, 0x0000000083100000, 0x0000000083200000|  0%| F|  |TAMS 0x0000000083100000, 0x0000000083100000| Untracked 
|  16|0x0000000083200000, 0x0000000083200000, 0x0000000083300000|  0%| F|  |TAMS 0x0000000083200000, 0x0000000083200000| Untracked 
|  17|0x0000000083300000, 0x0000000083300000, 0x0000000083400000|  0%| F|  |TAMS 0x0000000083300000, 0x0000000083300000| Untracked 
|  18|0x0000000083400000, 0x0000000083400000, 0x0000000083500000|  0%| F|  |TAMS 0x0000000083400000, 0x0000000083400000| Untracked 
|  19|0x0000000083500000, 0x0000000083500000, 0x0000000083600000|  0%| F|  |TAMS 0x0000000083500000, 0x0000000083500000| Untracked 
|  20|0x0000000083600000, 0x0000000083600000, 0x0000000083700000|  0%| F|  |TAMS 0x0000000083600000, 0x0000000083600000| Untracked 
|  21|0x0000000083700000, 0x0000000083700000, 0x0000000083800000|  0%| F|  |TAMS 0x0000000083700000, 0x0000000083700000| Untracked 
|  22|0x0000000083800000, 0x0000000083800000, 0x0000000083900000|  0%| F|  |TAMS 0x0000000083800000, 0x0000000083800000| Untracked 
|  23|0x0000000083900000, 0x0000000083900000, 0x0000000083a00000|  0%| F|  |TAMS 0x0000000083900000, 0x0000000083900000| Untracked 
|  24|0x0000000083a00000, 0x0000000083a00000, 0x0000000083b00000|  0%| F|  |TAMS 0x0000000083a00000, 0x0000000083a00000| Untracked 
|  25|0x0000000083b00000, 0x0000000083b00000, 0x0000000083c00000|  0%| F|  |TAMS 0x0000000083b00000, 0x0000000083b00000| Untracked 
|  26|0x0000000083c00000, 0x0000000083c00000, 0x0000000083d00000|  0%| F|  |TAMS 0x0000000083c00000, 0x0000000083c00000| Untracked 
|  27|0x0000000083d00000, 0x0000000083d00000, 0x0000000083e00000|  0%| F|  |TAMS 0x0000000083d00000, 0x0000000083d00000| Untracked 
|  28|0x0000000083e00000, 0x0000000083e00000, 0x0000000083f00000|  0%| F|  |TAMS 0x0000000083e00000, 0x0000000083e00000| Untracked 
|  29|0x0000000083f00000, 0x0000000083f00000, 0x0000000084000000|  0%| F|  |TAMS 0x0000000083f00000, 0x0000000083f00000| Untracked 
|  30|0x0000000084000000, 0x0000000084000000, 0x0000000084100000|  0%| F|  |TAMS 0x0000000084000000, 0x0000000084000000| Untracked 
|  31|0x0000000084100000, 0x0000000084100000, 0x0000000084200000|  0%| F|  |TAMS 0x0000000084100000, 0x0000000084100000| Untracked 
|  32|0x0000000084200000, 0x0000000084200000, 0x0000000084300000|  0%| F|  |TAMS 0x0000000084200000, 0x0000000084200000| Untracked 
|  33|0x0000000084300000, 0x0000000084300000, 0x0000000084400000|  0%| F|  |TAMS 0x0000000084300000, 0x0000000084300000| Untracked 
|  34|0x0000000084400000, 0x0000000084400000, 0x0000000084500000|  0%| F|  |TAMS 0x0000000084400000, 0x0000000084400000| Untracked 
|  35|0x0000000084500000, 0x0000000084500000, 0x0000000084600000|  0%| F|  |TAMS 0x0000000084500000, 0x0000000084500000| Untracked 
|  36|0x0000000084600000, 0x0000000084600000, 0x0000000084700000|  0%| F|  |TAMS 0x0000000084600000, 0x0000000084600000| Untracked 
|  37|0x0000000084700000, 0x0000000084700000, 0x0000000084800000|  0%| F|  |TAMS 0x0000000084700000, 0x0000000084700000| Untracked 
|  38|0x0000000084800000, 0x0000000084800000, 0x0000000084900000|  0%| F|  |TAMS 0x0000000084800000, 0x0000000084800000| Untracked 
|  39|0x0000000084900000, 0x0000000084900000, 0x0000000084a00000|  0%| F|  |TAMS 0x0000000084900000, 0x0000000084900000| Untracked 
|  40|0x0000000084a00000, 0x0000000084a00000, 0x0000000084b00000|  0%| F|  |TAMS 0x0000000084a00000, 0x0000000084a00000| Untracked 
|  41|0x0000000084b00000, 0x0000000084b00000, 0x0000000084c00000|  0%| F|  |TAMS 0x0000000084b00000, 0x0000000084b00000| Untracked 
|  42|0x0000000084c00000, 0x0000000084c00000, 0x0000000084d00000|  0%| F|  |TAMS 0x0000000084c00000, 0x0000000084c00000| Untracked 
|  43|0x0000000084d00000, 0x0000000084d00000, 0x0000000084e00000|  0%| F|  |TAMS 0x0000000084d00000, 0x0000000084d00000| Untracked 
|  44|0x0000000084e00000, 0x0000000084e00000, 0x0000000084f00000|  0%| F|  |TAMS 0x0000000084e00000, 0x0000000084e00000| Untracked 
|  45|0x0000000084f00000, 0x0000000084f00000, 0x0000000085000000|  0%| F|  |TAMS 0x0000000084f00000, 0x0000000084f00000| Untracked 
|  46|0x0000000085000000, 0x0000000085000000, 0x0000000085100000|  0%| F|  |TAMS 0x0000000085000000, 0x0000000085000000| Untracked 
|  47|0x0000000085100000, 0x0000000085100000, 0x0000000085200000|  0%| F|  |TAMS 0x0000000085100000, 0x0000000085100000| Untracked 
|  48|0x0000000085200000, 0x0000000085200000, 0x0000000085300000|  0%| F|  |TAMS 0x0000000085200000, 0x0000000085200000| Untracked 
|  49|0x0000000085300000, 0x0000000085300000, 0x0000000085400000|  0%| F|  |TAMS 0x0000000085300000, 0x0000000085300000| Untracked 
|  50|0x0000000085400000, 0x0000000085400000, 0x0000000085500000|  0%| F|  |TAMS 0x0000000085400000, 0x0000000085400000| Untracked 
|  51|0x0000000085500000, 0x0000000085500000, 0x0000000085600000|  0%| F|  |TAMS 0x0000000085500000, 0x0000000085500000| Untracked 
|  52|0x0000000085600000, 0x0000000085600000, 0x0000000085700000|  0%| F|  |TAMS 0x0000000085600000, 0x0000000085600000| Untracked 
|  53|0x0000000085700000, 0x0000000085700000, 0x0000000085800000|  0%| F|  |TAMS 0x0000000085700000, 0x0000000085700000| Untracked 
|  54|0x0000000085800000, 0x0000000085800000, 0x0000000085900000|  0%| F|  |TAMS 0x0000000085800000, 0x0000000085800000| Untracked 
|  55|0x0000000085900000, 0x0000000085900000, 0x0000000085a00000|  0%| F|  |TAMS 0x0000000085900000, 0x0000000085900000| Untracked 
|  56|0x0000000085a00000, 0x0000000085a00000, 0x0000000085b00000|  0%| F|  |TAMS 0x0000000085a00000, 0x0000000085a00000| Untracked 
|  57|0x0000000085b00000, 0x0000000085b00000, 0x0000000085c00000|  0%| F|  |TAMS 0x0000000085b00000, 0x0000000085b00000| Untracked 
|  58|0x0000000085c00000, 0x0000000085c00000, 0x0000000085d00000|  0%| F|  |TAMS 0x0000000085c00000, 0x0000000085c00000| Untracked 
|  59|0x0000000085d00000, 0x0000000085d00000, 0x0000000085e00000|  0%| F|  |TAMS 0x0000000085d00000, 0x0000000085d00000| Untracked 
|  60|0x0000000085e00000, 0x0000000085e00000, 0x0000000085f00000|  0%| F|  |TAMS 0x0000000085e00000, 0x0000000085e00000| Untracked 
|  61|0x0000000085f00000, 0x0000000085f00000, 0x0000000086000000|  0%| F|  |TAMS 0x0000000085f00000, 0x0000000085f00000| Untracked 
|  62|0x0000000086000000, 0x0000000086000000, 0x0000000086100000|  0%| F|  |TAMS 0x0000000086000000, 0x0000000086000000| Untracked 
|  63|0x0000000086100000, 0x0000000086100000, 0x0000000086200000|  0%| F|  |TAMS 0x0000000086100000, 0x0000000086100000| Untracked 
|  64|0x0000000086200000, 0x0000000086200000, 0x0000000086300000|  0%| F|  |TAMS 0x0000000086200000, 0x0000000086200000| Untracked 
|  65|0x0000000086300000, 0x0000000086300000, 0x0000000086400000|  0%| F|  |TAMS 0x0000000086300000, 0x0000000086300000| Untracked 
|  66|0x0000000086400000, 0x0000000086400000, 0x0000000086500000|  0%| F|  |TAMS 0x0000000086400000, 0x0000000086400000| Untracked 
|  67|0x0000000086500000, 0x0000000086500000, 0x0000000086600000|  0%| F|  |TAMS 0x0000000086500000, 0x0000000086500000| Untracked 
|  68|0x0000000086600000, 0x0000000086600000, 0x0000000086700000|  0%| F|  |TAMS 0x0000000086600000, 0x0000000086600000| Untracked 
|  69|0x0000000086700000, 0x0000000086700000, 0x0000000086800000|  0%| F|  |TAMS 0x0000000086700000, 0x0000000086700000| Untracked 
|  70|0x0000000086800000, 0x0000000086800000, 0x0000000086900000|  0%| F|  |TAMS 0x0000000086800000, 0x0000000086800000| Untracked 
|  71|0x0000000086900000, 0x0000000086900000, 0x0000000086a00000|  0%| F|  |TAMS 0x0000000086900000, 0x0000000086900000| Untracked 
|  72|0x0000000086a00000, 0x0000000086a00000, 0x0000000086b00000|  0%| F|  |TAMS 0x0000000086a00000, 0x0000000086a00000| Untracked 
|  73|0x0000000086b00000, 0x0000000086b00000, 0x0000000086c00000|  0%| F|  |TAMS 0x0000000086b00000, 0x0000000086b00000| Untracked 
|  74|0x0000000086c00000, 0x0000000086c00000, 0x0000000086d00000|  0%| F|  |TAMS 0x0000000086c00000, 0x0000000086c00000| Untracked 
|  75|0x0000000086d00000, 0x0000000086d00000, 0x0000000086e00000|  0%| F|  |TAMS 0x0000000086d00000, 0x0000000086d00000| Untracked 
|  76|0x0000000086e00000, 0x0000000086e00000, 0x0000000086f00000|  0%| F|  |TAMS 0x0000000086e00000, 0x0000000086e00000| Untracked 
|  77|0x0000000086f00000, 0x0000000086f00000, 0x0000000087000000|  0%| F|  |TAMS 0x0000000086f00000, 0x0000000086f00000| Untracked 
|  78|0x0000000087000000, 0x0000000087000000, 0x0000000087100000|  0%| F|  |TAMS 0x0000000087000000, 0x0000000087000000| Untracked 
|  79|0x0000000087100000, 0x0000000087100000, 0x0000000087200000|  0%| F|  |TAMS 0x0000000087100000, 0x0000000087100000| Untracked 
|  80|0x0000000087200000, 0x0000000087200000, 0x0000000087300000|  0%| F|  |TAMS 0x0000000087200000, 0x0000000087200000| Untracked 
|  81|0x0000000087300000, 0x0000000087300000, 0x0000000087400000|  0%| F|  |TAMS 0x0000000087300000, 0x0000000087300000| Untracked 
|  82|0x0000000087400000, 0x0000000087400000, 0x0000000087500000|  0%| F|  |TAMS 0x0000000087400000, 0x0000000087400000| Untracked 
|  83|0x0000000087500000, 0x0000000087500000, 0x0000000087600000|  0%| F|  |TAMS 0x0000000087500000, 0x0000000087500000| Untracked 
|  84|0x0000000087600000, 0x0000000087600000, 0x0000000087700000|  0%| F|  |TAMS 0x0000000087600000, 0x0000000087600000| Untracked 
|  85|0x0000000087700000, 0x0000000087700000, 0x0000000087800000|  0%| F|  |TAMS 0x0000000087700000, 0x0000000087700000| Untracked 
|  86|0x0000000087800000, 0x0000000087800000, 0x0000000087900000|  0%| F|  |TAMS 0x0000000087800000, 0x0000000087800000| Untracked 
|  87|0x0000000087900000, 0x0000000087900000, 0x0000000087a00000|  0%| F|  |TAMS 0x0000000087900000, 0x0000000087900000| Untracked 
|  88|0x0000000087a00000, 0x0000000087a00000, 0x0000000087b00000|  0%| F|  |TAMS 0x0000000087a00000, 0x0000000087a00000| Untracked 
|  89|0x0000000087b00000, 0x0000000087b00000, 0x0000000087c00000|  0%| F|  |TAMS 0x0000000087b00000, 0x0000000087b00000| Untracked 
|  90|0x0000000087c00000, 0x0000000087c00000, 0x0000000087d00000|  0%| F|  |TAMS 0x0000000087c00000, 0x0000000087c00000| Untracked 
|  91|0x0000000087d00000, 0x0000000087d00000, 0x0000000087e00000|  0%| F|  |TAMS 0x0000000087d00000, 0x0000000087d00000| Untracked 
|  92|0x0000000087e00000, 0x0000000087e00000, 0x0000000087f00000|  0%| F|  |TAMS 0x0000000087e00000, 0x0000000087e00000| Untracked 
|  93|0x0000000087f00000, 0x0000000087f00000, 0x0000000088000000|  0%| F|  |TAMS 0x0000000087f00000, 0x0000000087f00000| Untracked 
|  94|0x0000000088000000, 0x0000000088000000, 0x0000000088100000|  0%| F|  |TAMS 0x0000000088000000, 0x0000000088000000| Untracked 
|  95|0x0000000088100000, 0x0000000088100000, 0x0000000088200000|  0%| F|  |TAMS 0x0000000088100000, 0x0000000088100000| Untracked 
|  96|0x0000000088200000, 0x0000000088200000, 0x0000000088300000|  0%| F|  |TAMS 0x0000000088200000, 0x0000000088200000| Untracked 
|  97|0x0000000088300000, 0x0000000088300000, 0x0000000088400000|  0%| F|  |TAMS 0x0000000088300000, 0x0000000088300000| Untracked 
|  98|0x0000000088400000, 0x0000000088400000, 0x0000000088500000|  0%| F|  |TAMS 0x0000000088400000, 0x0000000088400000| Untracked 
|  99|0x0000000088500000, 0x0000000088500000, 0x0000000088600000|  0%| F|  |TAMS 0x0000000088500000, 0x0000000088500000| Untracked 
| 100|0x0000000088600000, 0x0000000088600000, 0x0000000088700000|  0%| F|  |TAMS 0x0000000088600000, 0x0000000088600000| Untracked 
| 101|0x0000000088700000, 0x0000000088700000, 0x0000000088800000|  0%| F|  |TAMS 0x0000000088700000, 0x0000000088700000| Untracked 
| 102|0x0000000088800000, 0x0000000088800000, 0x0000000088900000|  0%| F|  |TAMS 0x0000000088800000, 0x0000000088800000| Untracked 
| 103|0x0000000088900000, 0x0000000088900000, 0x0000000088a00000|  0%| F|  |TAMS 0x0000000088900000, 0x0000000088900000| Untracked 
| 104|0x0000000088a00000, 0x0000000088a00000, 0x0000000088b00000|  0%| F|  |TAMS 0x0000000088a00000, 0x0000000088a00000| Untracked 
| 105|0x0000000088b00000, 0x0000000088b00000, 0x0000000088c00000|  0%| F|  |TAMS 0x0000000088b00000, 0x0000000088b00000| Untracked 
| 106|0x0000000088c00000, 0x0000000088c00000, 0x0000000088d00000|  0%| F|  |TAMS 0x0000000088c00000, 0x0000000088c00000| Untracked 
| 107|0x0000000088d00000, 0x0000000088d00000, 0x0000000088e00000|  0%| F|  |TAMS 0x0000000088d00000, 0x0000000088d00000| Untracked 
| 108|0x0000000088e00000, 0x0000000088e00000, 0x0000000088f00000|  0%| F|  |TAMS 0x0000000088e00000, 0x0000000088e00000| Untracked 
| 109|0x0000000088f00000, 0x0000000088f00000, 0x0000000089000000|  0%| F|  |TAMS 0x0000000088f00000, 0x0000000088f00000| Untracked 
| 110|0x0000000089000000, 0x0000000089100000, 0x0000000089100000|100%| S|CS|TAMS 0x0000000089000000, 0x0000000089000000| Complete 
| 111|0x0000000089100000, 0x0000000089200000, 0x0000000089200000|100%| S|CS|TAMS 0x0000000089100000, 0x0000000089100000| Complete 
| 112|0x0000000089200000, 0x0000000089200000, 0x0000000089300000|  0%| F|  |TAMS 0x0000000089200000, 0x0000000089200000| Untracked 
| 113|0x0000000089300000, 0x0000000089300000, 0x0000000089400000|  0%| F|  |TAMS 0x0000000089300000, 0x0000000089300000| Untracked 
| 114|0x0000000089400000, 0x0000000089400000, 0x0000000089500000|  0%| F|  |TAMS 0x0000000089400000, 0x0000000089400000| Untracked 
| 115|0x0000000089500000, 0x0000000089500000, 0x0000000089600000|  0%| F|  |TAMS 0x0000000089500000, 0x0000000089500000| Untracked 
| 116|0x0000000089600000, 0x0000000089600000, 0x0000000089700000|  0%| F|  |TAMS 0x0000000089600000, 0x0000000089600000| Untracked 
| 117|0x0000000089700000, 0x000000008974dab0, 0x0000000089800000| 30%| E|  |TAMS 0x0000000089700000, 0x0000000089700000| Complete 
| 118|0x0000000089800000, 0x0000000089900000, 0x0000000089900000|100%| E|CS|TAMS 0x0000000089800000, 0x0000000089800000| Complete 
| 119|0x0000000089900000, 0x0000000089a00000, 0x0000000089a00000|100%| E|CS|TAMS 0x0000000089900000, 0x0000000089900000| Complete 
| 120|0x0000000089a00000, 0x0000000089b00000, 0x0000000089b00000|100%| E|CS|TAMS 0x0000000089a00000, 0x0000000089a00000| Complete 
| 121|0x0000000089b00000, 0x0000000089c00000, 0x0000000089c00000|100%| E|CS|TAMS 0x0000000089b00000, 0x0000000089b00000| Complete 
| 122|0x0000000089c00000, 0x0000000089d00000, 0x0000000089d00000|100%| E|CS|TAMS 0x0000000089c00000, 0x0000000089c00000| Complete 
| 123|0x0000000089d00000, 0x0000000089e00000, 0x0000000089e00000|100%| E|CS|TAMS 0x0000000089d00000, 0x0000000089d00000| Complete 
| 124|0x0000000089e00000, 0x0000000089f00000, 0x0000000089f00000|100%| E|CS|TAMS 0x0000000089e00000, 0x0000000089e00000| Complete 
| 125|0x0000000089f00000, 0x000000008a000000, 0x000000008a000000|100%| E|CS|TAMS 0x0000000089f00000, 0x0000000089f00000| Complete 

Card table byte_map: [0x000001e5c2580000,0x000001e5c2970000] _byte_map_base: 0x000001e5c216f000

Marking Bits (Prev, Next): (CMBitMap*) 0x000001e5aadca2f8, (CMBitMap*) 0x000001e5aadca338
 Prev Bits: [0x000001e5c2d60000, 0x000001e5c4cd8000)
 Next Bits: [0x000001e5c4ce0000, 0x000001e5c6c58000)

Polling page: 0x000001e5a8be0000

Metaspace:

Usage:
  Non-class:     11.85 MB capacity,    11.58 MB ( 98%) used,   232.93 KB (  2%) free+waste,    36.19 KB ( <1%) overhead. 
      Class:      1.82 MB capacity,     1.67 MB ( 92%) used,   131.30 KB (  7%) free+waste,    20.25 KB (  1%) overhead. 
       Both:     13.67 MB capacity,    13.26 MB ( 97%) used,   364.23 KB (  3%) free+waste,    56.44 KB ( <1%) overhead. 

Virtual space:
  Non-class space:       12.00 MB reserved,      12.00 MB (100%) committed 
      Class space:        1.00 GB reserved,       1.88 MB ( <1%) committed 
             Both:        1.01 GB reserved,      13.88 MB (  1%) committed 

Chunk freelists:
   Non-Class:  3.50 KB
       Class:  3.13 KB
        Both:  6.63 KB

CodeHeap 'non-profiled nmethods': size=120064Kb used=345Kb max_used=345Kb free=119718Kb
 bounds [0x000001e5bac50000, 0x000001e5baec0000, 0x000001e5c2190000]
CodeHeap 'profiled nmethods': size=120000Kb used=2567Kb max_used=2567Kb free=117432Kb
 bounds [0x000001e5b3720000, 0x000001e5b39b0000, 0x000001e5bac50000]
CodeHeap 'non-nmethods': size=5696Kb used=1310Kb max_used=1310Kb free=4385Kb
 bounds [0x000001e5b3190000, 0x000001e5b3400000, 0x000001e5b3720000]
 total_blobs=2015 nmethods=1228 adapters=516
 compilation: enabled
              stopped_count=0, restarted_count=0
 full_count=0

Compilation events (10 events):
Event: 7.488 Thread 0x000001e5c9ab3000 nmethod 1226 0x000001e5b39a0610 code [0x000001e5b39a07e0, 0x000001e5b39a0a70]
Event: 7.488 Thread 0x000001e5c9ab3000 1227       1       java.util.concurrent.locks.AbstractOwnableSynchronizer::getExclusiveOwnerThread (5 bytes)
Event: 7.488 Thread 0x000001e5c9ab3000 nmethod 1227 0x000001e5baca6410 code [0x000001e5baca65c0, 0x000001e5baca66f8]
Event: 7.489 Thread 0x000001e5c9ab3000 1228       3       java.lang.Short::valueOf (37 bytes)
Event: 7.489 Thread 0x000001e5c9ab3000 nmethod 1228 0x000001e5b39a0b90 code [0x000001e5b39a0d60, 0x000001e5b39a10d8]
Event: 7.490 Thread 0x000001e5c9ab3000 1229       3       jdk.internal.misc.Unsafe::getShortUnaligned (12 bytes)
Event: 7.490 Thread 0x000001e5c9ab3000 nmethod 1229 0x000001e5b39a1290 code [0x000001e5b39a1460, 0x000001e5b39a1718]
Event: 7.490 Thread 0x000001e5c9ab3000 1230       3       jdk.internal.misc.Unsafe::getShortUnaligned (33 bytes)
Event: 7.491 Thread 0x000001e5c9ab3000 nmethod 1230 0x000001e5b39a1810 code [0x000001e5b39a1a00, 0x000001e5b39a1e38]
Event: 7.491 Thread 0x000001e5c9ab3000 1231       3       java.nio.ByteBufferAsShortBufferB::get (26 bytes)

GC Heap History (2 events):
Event: 7.003 GC heap before
{Heap before GC invocations=0 (full 0):
 garbage-first heap   total 129024K, used 14336K [0x0000000082200000, 0x0000000100000000)
  region size 1024K, 14 young (14336K), 0 survivors (0K)
 Metaspace       used 7311K, capacity 7571K, committed 7808K, reserved 1056768K
  class space    used 798K, capacity 887K, committed 896K, reserved 1048576K
}
Event: 7.010 GC heap after
{Heap after GC invocations=1 (full 0):
 garbage-first heap   total 129024K, used 2902K [0x0000000082200000, 0x0000000100000000)
  region size 1024K, 2 young (2048K), 2 survivors (2048K)
 Metaspace       used 7311K, capacity 7571K, committed 7808K, reserved 1056768K
  class space    used 798K, capacity 887K, committed 896K, reserved 1048576K
}

Deoptimization events (8 events):
Event: 0.246 Thread 0x000001e5aad8e000 Uncommon trap: reason=unstable_if action=reinterpret pc=0x000001e5bac54b70 method=java.lang.String.hashCode()I @ 14 c2
Event: 2.175 Thread 0x000001e5aad8e000 Uncommon trap: reason=unstable_if action=reinterpret pc=0x000001e5bac83a0c method=java.lang.AbstractStringBuilder.isLatin1()Z @ 10 c2
Event: 2.289 Thread 0x000001e5aad8e000 Uncommon trap: reason=unstable_if action=reinterpret pc=0x000001e5bac8a81c method=java.util.concurrent.ConcurrentHashMap.putVal(Ljava/lang/Object;Ljava/lang/Object;Z)Ljava/lang/Object; @ 148 c2
Event: 7.230 Thread 0x000001e5ca941800 Uncommon trap: reason=unstable_if action=reinterpret pc=0x000001e5bac7a4b0 method=java.lang.String.startsWith(Ljava/lang/String;I)Z @ 1 c2
Event: 7.243 Thread 0x000001e5ca942800 Uncommon trap: reason=unstable_if action=reinterpret pc=0x000001e5bac91924 method=java.util.HashMap.hash(Ljava/lang/Object;)I @ 1 c2
Event: 7.244 Thread 0x000001e5ca37c000 Uncommon trap: reason=unstable_if action=reinterpret pc=0x000001e5bac91924 method=java.util.HashMap.hash(Ljava/lang/Object;)I @ 1 c2
Event: 7.277 Thread 0x000001e5ca349800 Uncommon trap: reason=unstable_if action=reinterpret pc=0x000001e5bac88034 method=java.util.HashMap.putVal(ILjava/lang/Object;Ljava/lang/Object;ZZ)Ljava/lang/Object; @ 181 c2
Event: 7.360 Thread 0x000001e5ca941800 Uncommon trap: reason=unstable_if action=reinterpret pc=0x000001e5bac686fc method=java.lang.StringUTF16.compress([CI[BII)I @ 20 c2

Classes redefined (0 events):
No events

Internal exceptions (10 events):
Event: 7.083 Thread 0x000001e5ca93b800 Exception <a 'java/lang/NullPointerException'{0x0000000089d7b668}> (0x0000000089d7b668) thrown at [t:/workspace/open/src/hotspot/share/interpreter/linkResolver.cpp, line 1356]
Event: 7.170 Thread 0x000001e5ca941800 Exception <a 'java/lang/NoSuchMethodError'{0x0000000089ad27e0}: java.lang.invoke.DirectMethodHandle$Holder.invokeStatic(Ljava/lang/Object;ILjava/lang/Object;Ljava/lang/Object;Ljava/lang/Object;Ljava/lang/Object;)Ljava/lang/Object;> (0x0000000089ad27e0) th
Event: 7.171 Thread 0x000001e5ca941800 Exception <a 'java/lang/NoSuchMethodError'{0x0000000089ad9400}: java.lang.invoke.DirectMethodHandle$Holder.invokeStatic(Ljava/lang/Object;ILjava/lang/Object;Ljava/lang/Object;Ljava/lang/Object;)Ljava/lang/Object;> (0x0000000089ad9400) thrown at [t:/worksp
Event: 7.172 Thread 0x000001e5ca941800 Exception <a 'java/lang/NoSuchMethodError'{0x0000000089adcc58}: java.lang.invoke.DirectMethodHandle$Holder.invokeSpecial(Ljava/lang/Object;Ljava/lang/Object;ILjava/lang/Object;Ljava/lang/Object;Ljava/lang/Object;)Ljava/lang/Object;> (0x0000000089adcc58) t
Event: 7.225 Thread 0x000001e5ca941800 Exception <a 'java/lang/ClassNotFoundException'{0x000000008999eb08}: com/sun/swing/internal/plaf/metal/resources/spi/metalProvider> (0x000000008999eb08) thrown at [t:/workspace/open/src/hotspot/share/classfile/systemDictionary.cpp, line 235]
Event: 7.228 Thread 0x000001e5ca941800 Exception <a 'java/lang/ClassNotFoundException'{0x00000000899a2e88}: com/sun/swing/internal/plaf/basic/resources/spi/basicProvider> (0x00000000899a2e88) thrown at [t:/workspace/open/src/hotspot/share/classfile/systemDictionary.cpp, line 235]
Event: 7.243 Thread 0x000001e5ca942800 Implicit null exception at 0x000001e5bac91888 to 0x000001e5bac9191a
Event: 7.243 Thread 0x000001e5ca37c000 Implicit null exception at 0x000001e5bac91888 to 0x000001e5bac9191a
Event: 7.323 Thread 0x000001e5ca941800 Exception <a 'java/lang/NoSuchMethodError'{0x00000000899dc4a8}: java.lang.invoke.DirectMethodHandle$Holder.invokeStaticInit(Ljava/lang/Object;)V> (0x00000000899dc4a8) thrown at [t:/workspace/open/src/hotspot/share/interpreter/linkResolver.cpp, line 777]
Event: 7.391 Thread 0x000001e5ca941800 Exception <a 'java/lang/NoSuchMethodError'{0x00000000898bbee0}: java.lang.invoke.Invokers$Holder.linkToTargetMethod(Ljava/lang/Object;ILjava/lang/Object;)Ljava/lang/Object;> (0x00000000898bbee0) thrown at [t:/workspace/open/src/hotspot/share/interpreter/l

Events (10 events):
Event: 7.489 loading class sun/nio/cs/UTF_16$Decoder
Event: 7.489 loading class sun/nio/cs/UnicodeDecoder
Event: 7.489 loading class sun/nio/cs/UnicodeDecoder done
Event: 7.489 loading class sun/nio/cs/UTF_16$Decoder done
Event: 7.489 loading class javax/swing/plaf/basic/BasicScrollPaneUI$Handler done
Event: 7.490 loading class javax/swing/plaf/metal/MetalScrollPaneUI$1
Event: 7.490 loading class javax/swing/plaf/metal/MetalScrollPaneUI$1 done
Event: 7.490 loading class sun/font/FileFontStrike
Event: 7.491 loading class sun/font/FileFontStrike done
Event: 7.491 Executing VM operation: RevokeBias


Dynamic libraries:
0x00007ff7468a0000 - 0x00007ff7468af000 	C:\Program Files\Java\jdk-12.0.1\bin\java.exe
0x00007ffbdd5f0000 - 0x00007ffbdd7d1000 	C:\WINDOWS\SYSTEM32\ntdll.dll
0x00007ffbdaa80000 - 0x00007ffbdab31000 	C:\WINDOWS\System32\KERNEL32.DLL
0x00007ffbd9a60000 - 0x00007ffbd9cd3000 	C:\WINDOWS\System32\KERNELBASE.dll
0x00007ffbda7e0000 - 0x00007ffbda8d8000 	C:\WINDOWS\System32\ucrtbase.dll
0x00007ffbc6290000 - 0x00007ffbc62a6000 	C:\Program Files\Java\jdk-12.0.1\bin\VCRUNTIME140.dll
0x00007ffbc7a30000 - 0x00007ffbc7a48000 	C:\Program Files\Java\jdk-12.0.1\bin\jli.dll
0x00007ffbdafb0000 - 0x00007ffbdb051000 	C:\WINDOWS\System32\ADVAPI32.dll
0x00007ffbdad70000 - 0x00007ffbdae0e000 	C:\WINDOWS\System32\msvcrt.dll
0x00007ffbdad10000 - 0x00007ffbdad6b000 	C:\WINDOWS\System32\sechost.dll
0x00007ffbdceb0000 - 0x00007ffbdcfd4000 	C:\WINDOWS\System32\RPCRT4.dll
0x00007ffbdc4a0000 - 0x00007ffbdc630000 	C:\WINDOWS\System32\USER32.dll
0x00007ffbd9a40000 - 0x00007ffbd9a60000 	C:\WINDOWS\System32\win32u.dll
0x00007ffbcca30000 - 0x00007ffbccc99000 	C:\WINDOWS\WinSxS\amd64_microsoft.windows.common-controls_6595b64144ccf1df_6.0.17134.765_none_fb42a1a930655896\COMCTL32.dll
0x00007ffbdc630000 - 0x00007ffbdc658000 	C:\WINDOWS\System32\GDI32.dll
0x00007ffbdd290000 - 0x00007ffbdd5b2000 	C:\WINDOWS\System32\combase.dll
0x00007ffbda8e0000 - 0x00007ffbdaa72000 	C:\WINDOWS\System32\gdi32full.dll
0x00007ffbd9ed0000 - 0x00007ffbd9f6f000 	C:\WINDOWS\System32\msvcp_win.dll
0x00007ffbd99c0000 - 0x00007ffbd9a3a000 	C:\WINDOWS\System32\bcryptPrimitives.dll
0x00007ffbd4c70000 - 0x00007ffbd4c7a000 	C:\WINDOWS\SYSTEM32\VERSION.dll
0x00007ffbdd050000 - 0x00007ffbdd07d000 	C:\WINDOWS\System32\IMM32.DLL
0x00007ffbc0010000 - 0x00007ffbc00ba000 	C:\Program Files\Java\jdk-12.0.1\bin\msvcp140.dll
0x00007ffb9e9e0000 - 0x00007ffb9f554000 	C:\Program Files\Java\jdk-12.0.1\bin\server\jvm.dll
0x00007ffbdd280000 - 0x00007ffbdd288000 	C:\WINDOWS\System32\PSAPI.DLL
0x00007ffbcca10000 - 0x00007ffbcca19000 	C:\WINDOWS\SYSTEM32\WSOCK32.dll
0x00007ffbdcfe0000 - 0x00007ffbdd04c000 	C:\WINDOWS\System32\WS2_32.dll
0x00007ffbd6770000 - 0x00007ffbd6793000 	C:\WINDOWS\SYSTEM32\WINMM.dll
0x00007ffbd6740000 - 0x00007ffbd676a000 	C:\WINDOWS\SYSTEM32\winmmbase.dll
0x00007ffbda6e0000 - 0x00007ffbda729000 	C:\WINDOWS\System32\cfgmgr32.dll
0x00007ffbd9930000 - 0x00007ffbd9941000 	C:\WINDOWS\System32\kernel.appcore.dll
0x00007ffbc6240000 - 0x00007ffbc6251000 	C:\Program Files\Java\jdk-12.0.1\bin\verify.dll
0x00007ffbd7ff0000 - 0x00007ffbd81b9000 	C:\WINDOWS\SYSTEM32\DBGHELP.DLL
0x00007ffbc9e80000 - 0x00007ffbc9ea9000 	C:\WINDOWS\SYSTEM32\dbgcore.DLL
0x00007ffbbf590000 - 0x00007ffbbf5b6000 	C:\Program Files\Java\jdk-12.0.1\bin\java.dll
0x00007ffbc00c0000 - 0x00007ffbc00f8000 	C:\Program Files\Java\jdk-12.0.1\bin\jdwp.dll
0x00007ffbc5920000 - 0x00007ffbc5937000 	C:\Program Files\Java\jdk-12.0.1\bin\zip.dll
0x00007ffbd7f60000 - 0x00007ffbd7f6a000 	C:\Program Files\Java\jdk-12.0.1\bin\jimage.dll
0x00007ffbdb060000 - 0x00007ffbdc4a0000 	C:\WINDOWS\System32\SHELL32.dll
0x00007ffbdce00000 - 0x00007ffbdcea9000 	C:\WINDOWS\System32\shcore.dll
0x00007ffbd9f70000 - 0x00007ffbda67d000 	C:\WINDOWS\System32\windows.storage.dll
0x00007ffbdc660000 - 0x00007ffbdc6b1000 	C:\WINDOWS\System32\shlwapi.dll
0x00007ffbd9950000 - 0x00007ffbd996f000 	C:\WINDOWS\System32\profapi.dll
0x00007ffbd9970000 - 0x00007ffbd99bc000 	C:\WINDOWS\System32\powrprof.dll
0x00007ffbd9920000 - 0x00007ffbd992a000 	C:\WINDOWS\System32\FLTLIB.DLL
0x00007ffbd7fa0000 - 0x00007ffbd7faa000 	C:\Program Files\Java\jdk-12.0.1\bin\dt_socket.dll
0x00007ffbd9120000 - 0x00007ffbd9186000 	C:\WINDOWS\System32\mswsock.dll
0x00007ffbd8ee0000 - 0x00007ffbd8f9e000 	C:\WINDOWS\SYSTEM32\DNSAPI.dll
0x00007ffbdae20000 - 0x00007ffbdae28000 	C:\WINDOWS\System32\NSI.dll
0x00007ffbd8ea0000 - 0x00007ffbd8ed8000 	C:\WINDOWS\SYSTEM32\IPHLPAPI.DLL
0x00007ffbcebe0000 - 0x00007ffbcec52000 	C:\WINDOWS\System32\fwpuclnt.dll
0x00007ffbd9400000 - 0x00007ffbd9425000 	C:\WINDOWS\SYSTEM32\bcrypt.dll
0x00007ffbd1510000 - 0x00007ffbd151a000 	C:\Windows\System32\rasadhlp.dll
0x00007ffbc4a40000 - 0x00007ffbc4a59000 	C:\Program Files\Java\jdk-12.0.1\bin\net.dll
0x00007ffbceb00000 - 0x00007ffbcebdd000 	C:\WINDOWS\SYSTEM32\WINHTTP.dll
0x00007ffbcf4e0000 - 0x00007ffbcf6a8000 	C:\WINDOWS\SYSTEM32\urlmon.dll
0x00007ffbd16e0000 - 0x00007ffbd1987000 	C:\WINDOWS\SYSTEM32\iertutil.dll
0x00007ffbd92f0000 - 0x00007ffbd92fb000 	C:\WINDOWS\SYSTEM32\CRYPTBASE.DLL
0x00007ffbbf480000 - 0x00007ffbbf493000 	C:\Program Files\Java\jdk-12.0.1\bin\nio.dll
0x00007ffbd2110000 - 0x00007ffbd2126000 	C:\WINDOWS\SYSTEM32\dhcpcsvc6.DLL
0x00007ffbd20f0000 - 0x00007ffbd210a000 	C:\WINDOWS\SYSTEM32\dhcpcsvc.DLL
0x00007ffbaf8c0000 - 0x00007ffbafa5f000 	C:\Program Files\Java\jdk-12.0.1\bin\awt.dll
0x00007ffbdc8e0000 - 0x00007ffbdc9a2000 	C:\WINDOWS\System32\OLEAUT32.dll
0x00007ffbd7620000 - 0x00007ffbd7be7000 	C:\WINDOWS\SYSTEM32\d2d1.dll
0x00007ffbd6da0000 - 0x00007ffbd6e2b000 	C:\WINDOWS\SYSTEM32\apphelp.dll
0x00007ffbd71b0000 - 0x00007ffbd71d9000 	C:\WINDOWS\system32\DWMAPI.DLL
0x00007ffbd6f20000 - 0x00007ffbd6fb8000 	C:\WINDOWS\system32\uxtheme.dll
0x00007ffbba620000 - 0x00007ffbba740000 	C:\WINDOWS\system32\opengl32.dll
0x00007ffbbf180000 - 0x00007ffbbf1ac000 	C:\WINDOWS\SYSTEM32\GLU32.dll
0x00007ffbdae30000 - 0x00007ffbdafa3000 	C:\WINDOWS\System32\MSCTF.dll
0x00007ffbdd120000 - 0x00007ffbdd271000 	C:\WINDOWS\System32\ole32.dll
0x00007ffb8ecb0000 - 0x00007ffb8ee47000 	C:\WINDOWS\system32\d3d9.dll
0x00007ffbd4c80000 - 0x00007ffbd4de7000 	C:\WINDOWS\SYSTEM32\aticfx64.dll
0x00007ffbc7b10000 - 0x00007ffbc7b31000 	C:\WINDOWS\SYSTEM32\atiu9p64.dll
0x00007ffb8dfe0000 - 0x00007ffb8e839000 	C:\WINDOWS\SYSTEM32\atiumd64.dll
0x000000005d180000 - 0x000000005da08000 	C:\WINDOWS\SYSTEM32\atiumd6a.dll
0x00007ffbcc660000 - 0x00007ffbcc676000 	C:\WINDOWS\system32\napinsp.dll
0x00007ffbcc640000 - 0x00007ffbcc65a000 	C:\WINDOWS\system32\pnrpnsp.dll
0x00007ffbd5c50000 - 0x00007ffbd5c69000 	C:\WINDOWS\system32\NLAapi.dll
0x00007ffbcc630000 - 0x00007ffbcc63e000 	C:\WINDOWS\System32\winrnr.dll
0x00007ffbbf100000 - 0x00007ffbbf180000 	C:\Program Files\Java\jdk-12.0.1\bin\freetype.dll
0x00007ffbbe970000 - 0x00007ffbbe9df000 	C:\Program Files\Java\jdk-12.0.1\bin\fontmanager.dll
0x00007ffbd06e0000 - 0x00007ffbd0776000 	C:\WINDOWS\System32\TextInputFramework.dll
0x00007ffbd51f0000 - 0x00007ffbd550e000 	C:\WINDOWS\System32\CoreUIComponents.dll
0x00007ffbd67a0000 - 0x00007ffbd687a000 	C:\WINDOWS\System32\CoreMessaging.dll
0x00007ffbd89f0000 - 0x00007ffbd8a21000 	C:\WINDOWS\SYSTEM32\ntmarta.dll
0x00007ffbd5030000 - 0x00007ffbd517d000 	C:\WINDOWS\SYSTEM32\wintypes.dll

dbghelp: loaded successfully - version: 4.0.5 - missing functions: none
symbol engine: initialized successfully - sym options: 0x614 - pdb path: .;C:\Program Files\Java\jdk-12.0.1\bin;C:\WINDOWS\SYSTEM32;C:\WINDOWS\WinSxS\amd64_microsoft.windows.common-controls_6595b64144ccf1df_6.0.17134.765_none_fb42a1a930655896;C:\Program Files\Java\jdk-12.0.1\bin\server

VM Arguments:
jvm_args: -Xdebug -Xnoagent -Djava.compiler=NONE -Xrunjdwp:transport=dt_socket,address=localhost:51678,server=n,suspend=y -Dfile.encoding=UTF-8 
java_command: Launch
java_class_path (initial): C:\Users\Acer\OneDrive voor Bedrijven\Graduation\Thesis\MAS_OS\bin;C:\Users\Acer\OneDrive voor Bedrijven\Graduation\Thesis\MAS_OS\lib\jade.jar;C:\Users\Acer\OneDrive voor Bedrijven\Graduation\Thesis\MAS_OS\lib\commons-codec-1.3.jar;C:\Users\Acer\OneDrive voor Bedrijven\Graduation\Thesis\MAS_OS\lib\json-20180813.jar;C:\Users\Acer\OneDrive voor Bedrijven\Graduation\Thesis\MAS_OS\lib\processing\core.jar
Launcher Type: SUN_STANDARD

[Global flags]
     intx CICompilerCount                          = 3                                         {product} {ergonomic}
     uint ConcGCThreads                            = 1                                         {product} {ergonomic}
     uint G1ConcRefinementThreads                  = 4                                         {product} {ergonomic}
   size_t G1HeapRegionSize                         = 1048576                                   {product} {ergonomic}
    uintx GCDrainStackTargetSize                   = 64                                        {product} {ergonomic}
   size_t InitialHeapSize                          = 132120576                                 {product} {ergonomic}
   size_t MarkStackSize                            = 4194304                                   {product} {ergonomic}
   size_t MaxHeapSize                              = 2111832064                                {product} {ergonomic}
   size_t MaxNewSize                               = 1266679808                                {product} {ergonomic}
   size_t MinHeapDeltaBytes                        = 1048576                                   {product} {ergonomic}
    uintx NonNMethodCodeHeapSize                   = 5830732                                {pd product} {ergonomic}
    uintx NonProfiledCodeHeapSize                  = 122913754                              {pd product} {ergonomic}
    uintx ProfiledCodeHeapSize                     = 122913754                              {pd product} {ergonomic}
    uintx ReservedCodeCacheSize                    = 251658240                              {pd product} {ergonomic}
     bool SegmentedCodeCache                       = true                                      {product} {ergonomic}
     bool UseCompressedClassPointers               = true                                 {lp64_product} {ergonomic}
     bool UseCompressedOops                        = true                                 {lp64_product} {ergonomic}
     bool UseG1GC                                  = true                                      {product} {ergonomic}
     bool UseLargePagesIndividualAllocation        = false                                  {pd product} {ergonomic}

Logging:
Log output configuration:
 #0: stdout all=warning uptime,level,tags
 #1: stderr all=off uptime,level,tags

Environment Variables:
JAVA_HOME=C:\Program Files\Java\jdk-12.0.1
PATH=C:\Program Files\AdoptOpenJDK\jdk-8.0.212.03-hotspot\bin;C:\Python27\;C:\Python27\Scripts;C:\Program Files (x86)\Common Files\Intel\Shared Libraries\redist\intel64\compiler;C:\ProgramData\Oracle\Java\javapath;C:\Windows\system32;C:\Windows;C:\Windows\System32\Wbem;C:\Windows\System32\WindowsPowerShell\v1.0\;C:\Program Files (x86)\ATI Technologies\ATI.ACE\Core-Static;C:\Program Files\MATLAB\R2016a\runtime\win64;C:\Program Files\MATLAB\R2016a\bin;C:\WINDOWS\system32;C:\WINDOWS;C:\WINDOWS\System32\Wbem;C:\WINDOWS\System32\WindowsPowerShell\v1.0\;C:\Program Files (x86)\Skype\Phone\;C:\Program Files (x86)\AMD\ATI.ACE\Core-Static;C:\Program Files\PuTTY\;C:\WINDOWS\System32\OpenSSH\;C:\Program Files\Microsoft VS Code\bin;C:\Program Files\Git\cmd;C:\Program Files\Java\jdk-12.0.1\bin;C:\Program Files\apache-maven-3.6.1-bin\bin;C:\Users\Acer\AppData\Local\Microsoft\WindowsApps;C:\Users\Acer\Downloads\SoftwarePackage\SoftwarePackage\MinGW\bin;C:\Users\Acer\Downloads\SoftwarePackage\SoftwarePackage\MinGW\msys\1.0\bin;C:\Users\Acer\Downloads\SoftwarePackage\SoftwarePackage\Python27;C:\Users\Acer\AppData\Local\GitHubDesktop\bin;C:\Program Files\Microsoft VS Code\bin;C:\Users\Acer\AppData\Roaming\MiKTeX\2.9\miktex\bin\;C:\Users\Acer\AppData\Local\Programs\MiKTeX 2.9\miktex\bin\x64\;C:\Users\Acer\AppData\Local\Microsoft\WindowsApps;;C:\Users\Acer\AppData\Local\Programs\Microsoft VS Code Insiders\bin
USERNAME=Acer
DISPLAY=localhost:10.0
OS=Windows_NT
PROCESSOR_IDENTIFIER=Intel64 Family 6 Model 37 Stepping 5, GenuineIntel



---------------  S Y S T E M  ---------------

OS: Windows 10 , 64 bit Build 17134 (10.0.17134.753)

CPU:total 4 (initial active 4) (2 cores per cpu, 2 threads per core) family 6 model 37 stepping 5, cmov, cx8, fxsr, mmx, sse, sse2, sse3, ssse3, sse4.1, sse4.2, popcnt, ht, tsc, tscinvbit

Memory: 4k page, system-wide physical 8052M (1266M free)
TotalPageFile size 8052M (AvailPageFile size 2M)
current process WorkingSet (physical memory assigned to process): 88M, peak: 88M
current process commit charge ("private bytes"): 242M, peak: 242M

vm_info: Java HotSpot(TM) 64-Bit Server VM (12.0.1+12) for windows-amd64 JRE (12.0.1+12), built on Apr  2 2019 14:02:19 by "mach5one" with MS VC++ 15.5 (VS2017)

END.
